<?xml version="1.0" encoding="UTF-8"?>
<!-- Generated by org.testng.reporters.JUnitXMLReporter -->
<testsuite hostname="LASST262537" name="test1" tests="3" failures="1" timestamp="14 Nov 2014 17:23:28 GMT" time="61.137" errors="0">
  <testcase name="Alogin" time="7.179" classname="DevOlympus.UserLogin"/>
  <testcase name="ProfileSearch" time="24.578" classname="DevOlympus.PsearchLogin">
    <failure type="java.lang.NullPointerException">
      <![CDATA[java.lang.NullPointerException
	at com.o2.olympus.dev.ObjHelper.LinkHelper.Click(LinkHelper.java:13)
	at DevOlympus.PsearchLogin.ProfileSearch(PsearchLogin.java:19)
... Removed 24 stack frames]]>
    </failure>
  </testcase> <!-- ProfileSearch -->
  <testcase name="OrProv" time="29.338" classname="DevOlympus.testscript"/>
</testsuite> <!-- test1 -->
