<?xml version="1.0" encoding="UTF-8"?>
<testng-results skipped="0" failed="1" total="3" passed="2">
  <reporter-output>
  </reporter-output>
  <suite name="suite1" duration-ms="61137" started-at="2014-11-14T17:22:27Z" finished-at="2014-11-14T17:23:28Z">
    <groups>
    </groups>
    <test name="test1" duration-ms="61137" started-at="2014-11-14T17:22:27Z" finished-at="2014-11-14T17:23:28Z">
      <class name="DevOlympus.testscript">
        <test-method status="PASS" signature="OrProv()[pri:0, instance:DevOlympus.testscript@30a502]" name="OrProv" duration-ms="29338" started-at="2014-11-14T17:22:58Z" finished-at="2014-11-14T17:23:28Z">
          <reporter-output>
          </reporter-output>
        </test-method> <!-- OrProv -->
      </class> <!-- DevOlympus.testscript -->
      <class name="DevOlympus.PsearchLogin">
        <test-method status="PASS" signature="launch()[pri:0, instance:DevOlympus.PsearchLogin@10ee7cb]" name="launch" is-config="true" duration-ms="29895" started-at="2014-11-14T17:21:57Z" finished-at="2014-11-14T17:22:27Z">
          <reporter-output>
          </reporter-output>
        </test-method> <!-- launch -->
        <test-method status="FAIL" signature="ProfileSearch()[pri:0, instance:DevOlympus.PsearchLogin@10ee7cb]" name="ProfileSearch" duration-ms="24578" started-at="2014-11-14T17:22:34Z" finished-at="2014-11-14T17:22:58Z">
          <exception class="java.lang.NullPointerException">
            <full-stacktrace>
              <![CDATA[java.lang.NullPointerException
	at com.o2.olympus.dev.ObjHelper.LinkHelper.Click(LinkHelper.java:13)
	at DevOlympus.PsearchLogin.ProfileSearch(PsearchLogin.java:19)
	at sun.reflect.NativeMethodAccessorImpl.invoke0(Native Method)
	at sun.reflect.NativeMethodAccessorImpl.invoke(Unknown Source)
	at sun.reflect.DelegatingMethodAccessorImpl.invoke(Unknown Source)
	at java.lang.reflect.Method.invoke(Unknown Source)
	at org.testng.internal.MethodInvocationHelper.invokeMethod(MethodInvocationHelper.java:84)
	at org.testng.internal.Invoker.invokeMethod(Invoker.java:714)
	at org.testng.internal.Invoker.invokeTestMethod(Invoker.java:901)
	at org.testng.internal.Invoker.invokeTestMethods(Invoker.java:1231)
	at org.testng.internal.TestMethodWorker.invokeTestMethods(TestMethodWorker.java:127)
	at org.testng.internal.TestMethodWorker.run(TestMethodWorker.java:111)
	at org.testng.TestRunner.privateRun(TestRunner.java:767)
	at org.testng.TestRunner.run(TestRunner.java:617)
	at org.testng.SuiteRunner.runTest(SuiteRunner.java:334)
	at org.testng.SuiteRunner.runSequentially(SuiteRunner.java:329)
	at org.testng.SuiteRunner.privateRun(SuiteRunner.java:291)
	at org.testng.SuiteRunner.run(SuiteRunner.java:240)
	at org.testng.SuiteRunnerWorker.runSuite(SuiteRunnerWorker.java:52)
	at org.testng.SuiteRunnerWorker.run(SuiteRunnerWorker.java:86)
	at org.testng.TestNG.runSuitesSequentially(TestNG.java:1224)
	at org.testng.TestNG.runSuitesLocally(TestNG.java:1149)
	at org.testng.TestNG.run(TestNG.java:1057)
	at org.testng.remote.RemoteTestNG.run(RemoteTestNG.java:111)
	at org.testng.remote.RemoteTestNG.initAndRun(RemoteTestNG.java:204)
	at org.testng.remote.RemoteTestNG.main(RemoteTestNG.java:175)
]]>
            </full-stacktrace>
          </exception> <!-- java.lang.NullPointerException -->
          <reporter-output>
          </reporter-output>
        </test-method> <!-- ProfileSearch -->
        <test-method status="PASS" signature="tearDown()[pri:0, instance:DevOlympus.PsearchLogin@10ee7cb]" name="tearDown" is-config="true" duration-ms="0" started-at="2014-11-14T17:23:28Z" finished-at="2014-11-14T17:23:28Z">
          <reporter-output>
          </reporter-output>
        </test-method> <!-- tearDown -->
      </class> <!-- DevOlympus.PsearchLogin -->
      <class name="DevOlympus.UserLogin">
        <test-method status="PASS" signature="Alogin()[pri:0, instance:DevOlympus.UserLogin@1e4cb85]" name="Alogin" duration-ms="7179" started-at="2014-11-14T17:22:27Z" finished-at="2014-11-14T17:22:34Z">
          <reporter-output>
          </reporter-output>
        </test-method> <!-- Alogin -->
      </class> <!-- DevOlympus.UserLogin -->
    </test> <!-- test1 -->
  </suite> <!-- suite1 -->
</testng-results>
